Mon, 03 Apr 2023 14:35:03 GMT

----------------------------------------------------------------------------------------------------
Mon, 03 Apr 2023 14:36:17 GMT
dimonblank@gmail.com
----------------------------------------------------------------------------------------------------
Mon, 03 Apr 2023 14:37:30 GMT
dimonblank@gmail.com has logged in.
----------------------------------------------------------------------------------------------------
Mon, 03 Apr 2023 14:41:01 GMT
jamesg@gmail.com has signed up
----------------------------------------------------------------------------------------------------
Tue, 04 Apr 2023 07:29:22 GMT
annavex@gmail.com has logged in.
----------------------------------------------------------------------------------------------------
Tue, 04 Apr 2023 09:08:13 GMT
annavex@gmail.com has logged in.
----------------------------------------------------------------------------------------------------
Tue, 04 Apr 2023 12:48:04 GMT
dimab@etzmaleh.co.il has signed up
----------------------------------------------------------------------------------------------------
Tue, 04 Apr 2023 13:54:42 GMT
dimab@etzmaleh.co.il has signed up
----------------------------------------------------------------------------------------------------
Tue, 04 Apr 2023 14:05:54 GMT
jojo@gmail.com has signed up
----------------------------------------------------------------------------------------------------
