Mon, 03 Apr 2023 13:42:59 GMT
"password" with value "dima123" fails to match the required pattern: /^[a-zA-Z0-9!@#$%^&*()_+\-=\[\]{}|;':",.<>/?]{8,30}$/
----------------------------------------------------------------------------------------------------
Mon, 03 Apr 2023 13:44:18 GMT
Password must be between 8 and 30 characters and contain only letters, numbers, and symbols
----------------------------------------------------------------------------------------------------
Mon, 03 Apr 2023 13:44:42 GMT
Password must be between 8 and 30 characters
----------------------------------------------------------------------------------------------------
Mon, 03 Apr 2023 13:45:24 GMT
Incorrect email or password
----------------------------------------------------------------------------------------------------
Mon, 03 Apr 2023 13:49:43 GMT
Incorrect email or password
----------------------------------------------------------------------------------------------------
Mon, 03 Apr 2023 13:49:47 GMT
Incorrect email or password
----------------------------------------------------------------------------------------------------
Mon, 03 Apr 2023 13:55:11 GMT
"email" must be a valid email
----------------------------------------------------------------------------------------------------
Mon, 03 Apr 2023 13:55:18 GMT
Email adih@gmail.com already taken
----------------------------------------------------------------------------------------------------
Tue, 04 Apr 2023 07:45:27 GMT
Route /api/followers/ not found
----------------------------------------------------------------------------------------------------
Tue, 04 Apr 2023 08:42:55 GMT
id 6 not found
----------------------------------------------------------------------------------------------------
Tue, 04 Apr 2023 12:44:57 GMT
Password must be between 8 and 30 characters
----------------------------------------------------------------------------------------------------
Tue, 04 Apr 2023 12:45:42 GMT
Password must be between 8 and 30 characters
----------------------------------------------------------------------------------------------------
Tue, 04 Apr 2023 13:12:52 GMT
"lastName" is required
----------------------------------------------------------------------------------------------------
Tue, 04 Apr 2023 13:31:26 GMT
"firstName" length must be at least 2 characters long
----------------------------------------------------------------------------------------------------
Tue, 04 Apr 2023 17:53:06 GMT
Email dimonblank@gmail.com already taken
----------------------------------------------------------------------------------------------------
Tue, 04 Apr 2023 17:53:11 GMT
Email dimonblank@gmail.com already taken
----------------------------------------------------------------------------------------------------
Tue, 04 Apr 2023 18:01:36 GMT
Email dimonblank@gmail.com already taken
----------------------------------------------------------------------------------------------------
Tue, 04 Apr 2023 18:01:40 GMT
Email dimonblank@gmail.com already taken
----------------------------------------------------------------------------------------------------
Tue, 04 Apr 2023 18:01:45 GMT
Email dimonblank@gmail.com already taken
----------------------------------------------------------------------------------------------------
Tue, 04 Apr 2023 18:02:33 GMT
Email dimonblank@gmail.com already taken
----------------------------------------------------------------------------------------------------
Tue, 04 Apr 2023 18:03:28 GMT
Email dimonblank@gmail.com already taken
----------------------------------------------------------------------------------------------------
Tue, 04 Apr 2023 18:03:50 GMT
Email dimonblank@gmail.com already taken
----------------------------------------------------------------------------------------------------
Tue, 04 Apr 2023 18:21:53 GMT
Email dimonblank@gmail.com already taken
----------------------------------------------------------------------------------------------------
Tue, 04 Apr 2023 18:22:16 GMT
Email dimonblank@gmail.com already taken
----------------------------------------------------------------------------------------------------
Tue, 04 Apr 2023 18:23:33 GMT
Email dimonblank@gmail.com already taken
----------------------------------------------------------------------------------------------------
Tue, 04 Apr 2023 18:23:56 GMT
Email dimonblank@gmail.com already taken
----------------------------------------------------------------------------------------------------
Tue, 04 Apr 2023 18:24:09 GMT
Email dimonblank@gmail.com already taken
----------------------------------------------------------------------------------------------------
Tue, 04 Apr 2023 18:24:41 GMT
Email dimonblank@gmail.com already taken
----------------------------------------------------------------------------------------------------
Tue, 04 Apr 2023 18:24:45 GMT
Email dimonblank@gmail.com already taken
----------------------------------------------------------------------------------------------------
Tue, 04 Apr 2023 18:25:39 GMT
Email dimonblank@gmail.com already taken
----------------------------------------------------------------------------------------------------
Tue, 04 Apr 2023 18:25:43 GMT
Email dimonblank@gmail.com already taken
----------------------------------------------------------------------------------------------------
Tue, 04 Apr 2023 18:26:52 GMT
Email dimonblank@gmail.com already taken
----------------------------------------------------------------------------------------------------
Tue, 04 Apr 2023 18:28:22 GMT
Email dimonblank@gmail.com already taken
----------------------------------------------------------------------------------------------------
Tue, 04 Apr 2023 18:34:05 GMT
Email dimonblank@gmail.com already taken
----------------------------------------------------------------------------------------------------
Tue, 04 Apr 2023 18:55:57 GMT
Incorrect email or password
----------------------------------------------------------------------------------------------------
Tue, 04 Apr 2023 21:09:13 GMT
Incorrect email or password
----------------------------------------------------------------------------------------------------
Tue, 04 Apr 2023 21:09:18 GMT
Incorrect email or password
----------------------------------------------------------------------------------------------------
Tue, 04 Apr 2023 21:09:36 GMT
Incorrect email or password
----------------------------------------------------------------------------------------------------
Tue, 04 Apr 2023 21:09:44 GMT
Incorrect email or password
----------------------------------------------------------------------------------------------------
Tue, 04 Apr 2023 21:10:02 GMT
Incorrect email or password
----------------------------------------------------------------------------------------------------
Tue, 04 Apr 2023 21:10:08 GMT
Incorrect email or password
----------------------------------------------------------------------------------------------------
Tue, 04 Apr 2023 21:14:30 GMT
Incorrect email or password
----------------------------------------------------------------------------------------------------
Tue, 04 Apr 2023 21:14:51 GMT
Incorrect email or password
----------------------------------------------------------------------------------------------------
Tue, 04 Apr 2023 21:14:57 GMT
Incorrect email or password
----------------------------------------------------------------------------------------------------
Tue, 04 Apr 2023 21:15:14 GMT
Incorrect email or password
----------------------------------------------------------------------------------------------------
Tue, 04 Apr 2023 21:15:29 GMT
Incorrect email or password
----------------------------------------------------------------------------------------------------
Tue, 04 Apr 2023 21:15:39 GMT
Incorrect email or password
----------------------------------------------------------------------------------------------------
Tue, 04 Apr 2023 21:15:48 GMT
Incorrect email or password
----------------------------------------------------------------------------------------------------
Tue, 04 Apr 2023 21:15:55 GMT
Incorrect email or password
----------------------------------------------------------------------------------------------------
Tue, 04 Apr 2023 21:16:09 GMT
Incorrect email or password
----------------------------------------------------------------------------------------------------
Tue, 04 Apr 2023 21:16:17 GMT
Incorrect email or password
----------------------------------------------------------------------------------------------------
